traci.start(['/opt/homebrew/bin/sumo-gui', '-c', './env/custom_env/data/J7_TLS/J7_TLS.sumocfg', '--tripinfo-output', './env/custom_env/data/J7_TLS/tripinfo.xml', '--time-to-teleport', '3600', '--waiting-time-memory', '3600', '--delay', '0', '--start', 'true', '--quit-on-end', 'true', '--gui-settings-file', './env/custom_env/data/J7_TLS/gui-settings.cfg'], port=54100, label='default')
traci.simulationStep()
traci.simulationStep()
traci.simulationStep()
traci.simulationStep()
traci.simulationStep()
traci.simulationStep()
traci.simulationStep()
traci.simulationStep()
traci.simulationStep()
traci.simulationStep()
traci.edge.getLaneNumber('E0_0')
traci.edge.getLaneNumber('E0_0')
traci.lane.getLastStepVehicleIDs('ramp12_0')
traci.vehicle.getSpeed('8_6')
traci.vehicle.getSpeed('13_2')
traci.lane.getLastStepVehicleIDs('ramp14_0')
traci.vehicle.getSpeed('18_5')
traci.lane.getLastStepVehicleIDs('ramp16_0')
traci.vehicle.getSpeed('23_4')
traci.edge.getLaneNumber('E0_0')
traci.edge.getLaneNumber('E0_1')
traci.edge.getLaneNumber('E0_1')
traci.lane.getLastStepVehicleIDs('ramp12_0')
traci.vehicle.getSpeed('8_6')
traci.vehicle.getSpeed('13_2')
traci.lane.getLastStepVehicleIDs('ramp14_0')
traci.vehicle.getSpeed('18_5')
traci.lane.getLastStepVehicleIDs('ramp16_0')
traci.vehicle.getSpeed('23_4')
traci.edge.getLaneNumber('E0_1')
traci.edge.getLaneNumber('E0_2')
traci.edge.getLaneNumber('E0_2')
traci.lane.getLastStepVehicleIDs('ramp12_0')
traci.vehicle.getSpeed('8_6')
traci.vehicle.getSpeed('13_2')
traci.lane.getLastStepVehicleIDs('ramp14_0')
traci.vehicle.getSpeed('18_5')
traci.lane.getLastStepVehicleIDs('ramp16_0')
traci.vehicle.getSpeed('23_4')
traci.edge.getLaneNumber('E0_2')
